have_func: checking for rb_file_s_birthtime()... -------------------- yes

DYLD_LIBRARY_PATH=.:../.. "clang -o conftest -I../../.ext/include/arm64-darwin23 -I../.././include -I../.././ext/pathname -I/usr/local/opt/libyaml/include -D_XOPEN_SOURCE -D_DARWIN_C_SOURCE -D_DARWIN_UNLIMITED_SELECT -D_REENTRANT   -fdeclspec -O3 -fno-fast-math -ggdb3 -Wall -Wextra -Wextra-tokens -Wdeprecated-declarations -Wdivision-by-zero -Wdiv-by-zero -Wimplicit-function-declaration -Wimplicit-int -Wpointer-arith -Wshorten-64-to-32 -Wwrite-strings -Wold-style-definition -Wmissing-noreturn -Wno-cast-function-type -Wno-constant-logical-operand -Wno-long-long -Wno-missing-field-initializers -Wno-overlength-strings -Wno-parentheses-equality -Wno-self-assign -Wno-tautological-compare -Wno-unused-parameter -Wno-unused-value -Wunused-variable -Wmisleading-indentation -Wundef -pipe conftest.c  -L. -L../.. -L/usr/local/opt/libyaml/lib -L. -fstack-protector-strong -L/usr/local/opt/libyaml/lib  -arch arm64   -lruby.3.3-static -framework CoreFoundation -ldl -lobjc -lpthread   -lpthread  "
ld: warning: ignoring duplicate libraries: '-lpthread'
checked program was:
/* begin */
1: #include "ruby.h"
2: 
3: int main(int argc, char **argv)
4: {
5:   return !!argv[argc];
6: }
/* end */

DYLD_LIBRARY_PATH=.:../.. "clang -o conftest -I../../.ext/include/arm64-darwin23 -I../.././include -I../.././ext/pathname -I/usr/local/opt/libyaml/include -D_XOPEN_SOURCE -D_DARWIN_C_SOURCE -D_DARWIN_UNLIMITED_SELECT -D_REENTRANT   -fdeclspec -O3 -fno-fast-math -ggdb3 -Wall -Wextra -Wextra-tokens -Wdeprecated-declarations -Wdivision-by-zero -Wdiv-by-zero -Wimplicit-function-declaration -Wimplicit-int -Wpointer-arith -Wshorten-64-to-32 -Wwrite-strings -Wold-style-definition -Wmissing-noreturn -Wno-cast-function-type -Wno-constant-logical-operand -Wno-long-long -Wno-missing-field-initializers -Wno-overlength-strings -Wno-parentheses-equality -Wno-self-assign -Wno-tautological-compare -Wno-unused-parameter -Wno-unused-value -Wunused-variable -Wmisleading-indentation -Wundef -pipe conftest.c  -L. -L../.. -L/usr/local/opt/libyaml/lib -L. -fstack-protector-strong -L/usr/local/opt/libyaml/lib  -arch arm64   -lruby.3.3-static -framework CoreFoundation -ldl -lobjc -lpthread   -lpthread  "
conftest.c:14:57: error: use of undeclared identifier 'rb_file_s_birthtime'
int t(void) { void ((*volatile p)()); p = (void ((*)()))rb_file_s_birthtime; return !p; }
                                                        ^
1 error generated.
checked program was:
/* begin */
 1: #include "ruby.h"
 2: 
 3: /*top*/
 4: extern int t(void);
 5: int main(int argc, char **argv)
 6: {
 7:   if (argc > 1000000) {
 8:     int (* volatile tp)(void)=(int (*)(void))&t;
 9:     printf("%d", (*tp)());
10:   }
11: 
12:   return !!argv[argc];
13: }
14: int t(void) { void ((*volatile p)()); p = (void ((*)()))rb_file_s_birthtime; return !p; }
/* end */

DYLD_LIBRARY_PATH=.:../.. "clang -o conftest -I../../.ext/include/arm64-darwin23 -I../.././include -I../.././ext/pathname -I/usr/local/opt/libyaml/include -D_XOPEN_SOURCE -D_DARWIN_C_SOURCE -D_DARWIN_UNLIMITED_SELECT -D_REENTRANT   -fdeclspec -O3 -fno-fast-math -ggdb3 -Wall -Wextra -Wextra-tokens -Wdeprecated-declarations -Wdivision-by-zero -Wdiv-by-zero -Wimplicit-function-declaration -Wimplicit-int -Wpointer-arith -Wshorten-64-to-32 -Wwrite-strings -Wold-style-definition -Wmissing-noreturn -Wno-cast-function-type -Wno-constant-logical-operand -Wno-long-long -Wno-missing-field-initializers -Wno-overlength-strings -Wno-parentheses-equality -Wno-self-assign -Wno-tautological-compare -Wno-unused-parameter -Wno-unused-value -Wunused-variable -Wmisleading-indentation -Wundef -pipe conftest.c  -L. -L../.. -L/usr/local/opt/libyaml/lib -L. -fstack-protector-strong -L/usr/local/opt/libyaml/lib  -arch arm64   -lruby.3.3-static -framework CoreFoundation -ldl -lobjc -lpthread   -lpthread  "
ld: warning: ignoring duplicate libraries: '-lpthread'
checked program was:
/* begin */
 1: #include "ruby.h"
 2: 
 3: /*top*/
 4: extern int t(void);
 5: int main(int argc, char **argv)
 6: {
 7:   if (argc > 1000000) {
 8:     int (* volatile tp)(void)=(int (*)(void))&t;
 9:     printf("%d", (*tp)());
10:   }
11: 
12:   return !!argv[argc];
13: }
14: extern void rb_file_s_birthtime();
15: int t(void) { rb_file_s_birthtime(); return 0; }
/* end */

--------------------

extconf.h is:
/* begin */
1: #ifndef EXTCONF_H
2: #define EXTCONF_H
3: #define HAVE_RB_FILE_S_BIRTHTIME 1
4: #endif
/* end */

